<?xml version="1.0" encoding="UTF-8"?>
<coverage generated="1731382409454" clover="3.2.0">
  <project timestamp="1731382409454" name="All files">
    <metrics statements="53" coveredstatements="34" conditionals="33" coveredconditionals="18" methods="17" coveredmethods="10" elements="103" coveredelements="62" complexity="0" loc="53" ncloc="53" packages="5" files="9" classes="9"/>
    <package name="app.(auth)">
      <metrics statements="31" coveredstatements="13" conditionals="10" coveredconditionals="2" methods="10" coveredmethods="3"/>
      <file name="auth_style.tsx" path="/Users/nathanaeltesfaye/Desktop/Reuse-Vandy/client/app/(auth)/auth_style.tsx">
        <metrics statements="1" coveredstatements="1" conditionals="0" coveredconditionals="0" methods="0" coveredmethods="0"/>
        <line num="3" count="1" type="stmt"/>
      </file>
      <file name="login.tsx" path="/Users/nathanaeltesfaye/Desktop/Reuse-Vandy/client/app/(auth)/login.tsx">
        <metrics statements="30" coveredstatements="12" conditionals="10" coveredconditionals="2" methods="10" coveredmethods="3"/>
        <line num="20" count="1" type="stmt"/>
        <line num="21" count="8" type="stmt"/>
        <line num="22" count="8" type="stmt"/>
        <line num="23" count="8" type="stmt"/>
        <line num="24" count="8" type="stmt"/>
        <line num="25" count="8" type="stmt"/>
        <line num="26" count="8" type="stmt"/>
        <line num="28" count="8" type="stmt"/>
        <line num="29" count="0" type="stmt"/>
        <line num="30" count="0" type="stmt"/>
        <line num="31" count="0" type="stmt"/>
        <line num="34" count="8" type="stmt"/>
        <line num="35" count="0" type="cond" truecount="0" falsecount="4"/>
        <line num="36" count="0" type="stmt"/>
        <line num="37" count="0" type="stmt"/>
        <line num="39" count="0" type="stmt"/>
        <line num="40" count="0" type="stmt"/>
        <line num="41" count="0" type="stmt"/>
        <line num="43" count="0" type="stmt"/>
        <line num="45" count="0" type="cond" truecount="0" falsecount="2"/>
        <line num="46" count="0" type="stmt"/>
        <line num="49" count="0" type="stmt"/>
        <line num="54" count="8" type="stmt"/>
        <line num="70" count="0" type="stmt"/>
        <line num="71" count="0" type="stmt"/>
        <line num="72" count="2" type="stmt"/>
        <line num="82" count="2" type="stmt"/>
        <line num="83" count="0" type="stmt"/>
        <line num="84" count="0" type="stmt"/>
        <line num="93" count="0" type="stmt"/>
      </file>
    </package>
    <package name="assets.images">
      <metrics statements="1" coveredstatements="1" conditionals="0" coveredconditionals="0" methods="0" coveredmethods="0"/>
      <file name="adaptive-icon.png" path="/Users/nathanaeltesfaye/Desktop/Reuse-Vandy/client/assets/images/adaptive-icon.png">
        <metrics statements="1" coveredstatements="1" conditionals="0" coveredconditionals="0" methods="0" coveredmethods="0"/>
        <line num="1" count="1" type="stmt"/>
      </file>
    </package>
    <package name="components">
      <metrics statements="13" coveredstatements="13" conditionals="19" coveredconditionals="14" methods="6" coveredmethods="6"/>
      <file name="Card.tsx" path="/Users/nathanaeltesfaye/Desktop/Reuse-Vandy/client/components/Card.tsx">
        <metrics statements="3" coveredstatements="3" conditionals="0" coveredconditionals="0" methods="1" coveredmethods="1"/>
        <line num="22" count="1" type="stmt"/>
        <line num="31" count="3" type="stmt"/>
        <line num="50" count="1" type="stmt"/>
      </file>
      <file name="Collapsible.tsx" path="/Users/nathanaeltesfaye/Desktop/Reuse-Vandy/client/components/Collapsible.tsx">
        <metrics statements="5" coveredstatements="5" conditionals="8" coveredconditionals="6" methods="3" coveredmethods="3"/>
        <line num="10" count="5" type="stmt"/>
        <line num="11" count="5" type="cond" truecount="1" falsecount="1"/>
        <line num="13" count="5" type="stmt"/>
        <line num="17" count="2" type="stmt"/>
        <line num="32" count="1" type="stmt"/>
      </file>
      <file name="ThemedText.tsx" path="/Users/nathanaeltesfaye/Desktop/Reuse-Vandy/client/components/ThemedText.tsx">
        <metrics statements="3" coveredstatements="3" conditionals="11" coveredconditionals="8" methods="1" coveredmethods="1"/>
        <line num="18" count="7" type="stmt"/>
        <line num="20" count="7" type="stmt"/>
        <line num="36" count="2" type="stmt"/>
      </file>
      <file name="ThemedView.tsx" path="/Users/nathanaeltesfaye/Desktop/Reuse-Vandy/client/components/ThemedView.tsx">
        <metrics statements="2" coveredstatements="2" conditionals="0" coveredconditionals="0" methods="1" coveredmethods="1"/>
        <line num="11" count="6" type="stmt"/>
        <line num="13" count="6" type="stmt"/>
      </file>
    </package>
    <package name="constants">
      <metrics statements="3" coveredstatements="3" conditionals="0" coveredconditionals="0" methods="0" coveredmethods="0"/>
      <file name="Colors.ts" path="/Users/nathanaeltesfaye/Desktop/Reuse-Vandy/client/constants/Colors.ts">
        <metrics statements="3" coveredstatements="3" conditionals="0" coveredconditionals="0" methods="0" coveredmethods="0"/>
        <line num="6" count="2" type="stmt"/>
        <line num="7" count="2" type="stmt"/>
        <line num="9" count="2" type="stmt"/>
      </file>
    </package>
    <package name="hooks">
      <metrics statements="5" coveredstatements="4" conditionals="4" coveredconditionals="2" methods="1" coveredmethods="1"/>
      <file name="useThemeColor.ts" path="/Users/nathanaeltesfaye/Desktop/Reuse-Vandy/client/hooks/useThemeColor.ts">
        <metrics statements="5" coveredstatements="4" conditionals="4" coveredconditionals="2" methods="1" coveredmethods="1"/>
        <line num="14" count="13" type="cond" truecount="1" falsecount="1"/>
        <line num="15" count="13" type="stmt"/>
        <line num="17" count="13" type="cond" truecount="1" falsecount="1"/>
        <line num="18" count="0" type="stmt"/>
        <line num="20" count="13" type="stmt"/>
      </file>
    </package>
  </project>
</coverage>
