{"/Users/nathanaeltesfaye/Desktop/Reuse-Vandy/client/app/(auth)/auth_style.tsx": {"path":"/Users/nathanaeltesfaye/Desktop/Reuse-Vandy/client/app/(auth)/auth_style.tsx","statementMap":{"0":{"start":{"line":3,"column":26},"end":{"line":74,"column":6}}},"fnMap":{},"branchMap":{},"s":{"0":1},"f":{},"b":{},"_coverageSchema":"1a1c01bbd47fc00a2c39e90264f33305004495a9","hash":"ba8b4a68ba4333efea4c1222c4e202acbbac4073"}
,"/Users/nathanaeltesfaye/Desktop/Reuse-Vandy/client/app/(auth)/login.tsx": {"path":"/Users/nathanaeltesfaye/Desktop/Reuse-Vandy/client/app/(auth)/login.tsx","statementMap":{"0":{"start":{"line":20,"column":18},"end":{"line":106,"column":1}},"1":{"start":{"line":21,"column":17},"end":{"line":21,"column":28}},"2":{"start":{"line":22,"column":46},"end":{"line":22,"column":61}},"3":{"start":{"line":23,"column":52},"end":{"line":23,"column":67}},"4":{"start":{"line":24,"column":28},"end":{"line":24,"column":40}},"5":{"start":{"line":25,"column":34},"end":{"line":25,"column":46}},"6":{"start":{"line":26,"column":28},"end":{"line":26,"column":40}},"7":{"start":{"line":28,"column":26},"end":{"line":32,"column":3}},"8":{"start":{"line":29,"column":4},"end":{"line":29,"column":23}},"9":{"start":{"line":30,"column":4},"end":{"line":30,"column":29}},"10":{"start":{"line":31,"column":4},"end":{"line":31,"column":32}},"11":{"start":{"line":34,"column":23},"end":{"line":52,"column":3}},"12":{"start":{"line":35,"column":4},"end":{"line":38,"column":3}},"13":{"start":{"line":36,"column":3},"end":{"line":36,"column":40}},"14":{"start":{"line":37,"column":3},"end":{"line":37,"column":10}},"15":{"start":{"line":39,"column":2},"end":{"line":51,"column":5}},"16":{"start":{"line":40,"column":6},"end":{"line":40,"column":38}},"17":{"start":{"line":41,"column":6},"end":{"line":41,"column":61}},"18":{"start":{"line":43,"column":6},"end":{"line":43,"column":36}},"19":{"start":{"line":45,"column":6},"end":{"line":50,"column":7}},"20":{"start":{"line":46,"column":8},"end":{"line":46,"column":31}},"21":{"start":{"line":49,"column":8},"end":{"line":49,"column":44}},"22":{"start":{"line":54,"column":2},"end":{"line":105,"column":4}},"23":{"start":{"line":70,"column":33},"end":{"line":70,"column":56}},"24":{"start":{"line":71,"column":32},"end":{"line":71,"column":56}},"25":{"start":{"line":72,"column":43},"end":{"line":72,"column":60}},"26":{"start":{"line":82,"column":43},"end":{"line":82,"column":63}},"27":{"start":{"line":83,"column":33},"end":{"line":83,"column":59}},"28":{"start":{"line":84,"column":32},"end":{"line":84,"column":59}},"29":{"start":{"line":93,"column":31},"end":{"line":93,"column":45}}},"fnMap":{"0":{"name":"(anonymous_0)","decl":{"start":{"line":20,"column":18},"end":{"line":20,"column":19}},"loc":{"start":{"line":20,"column":24},"end":{"line":106,"column":1}},"line":20},"1":{"name":"(anonymous_1)","decl":{"start":{"line":28,"column":26},"end":{"line":28,"column":27}},"loc":{"start":{"line":28,"column":32},"end":{"line":32,"column":3}},"line":28},"2":{"name":"(anonymous_2)","decl":{"start":{"line":34,"column":23},"end":{"line":34,"column":24}},"loc":{"start":{"line":34,"column":35},"end":{"line":52,"column":3}},"line":34},"3":{"name":"(anonymous_3)","decl":{"start":{"line":70,"column":27},"end":{"line":70,"column":28}},"loc":{"start":{"line":70,"column":33},"end":{"line":70,"column":56}},"line":70},"4":{"name":"(anonymous_4)","decl":{"start":{"line":71,"column":26},"end":{"line":71,"column":27}},"loc":{"start":{"line":71,"column":32},"end":{"line":71,"column":56}},"line":71},"5":{"name":"(anonymous_5)","decl":{"start":{"line":72,"column":32},"end":{"line":72,"column":33}},"loc":{"start":{"line":72,"column":43},"end":{"line":72,"column":60}},"line":72},"6":{"name":"(anonymous_6)","decl":{"start":{"line":82,"column":32},"end":{"line":82,"column":33}},"loc":{"start":{"line":82,"column":43},"end":{"line":82,"column":63}},"line":82},"7":{"name":"(anonymous_7)","decl":{"start":{"line":83,"column":27},"end":{"line":83,"column":28}},"loc":{"start":{"line":83,"column":33},"end":{"line":83,"column":59}},"line":83},"8":{"name":"(anonymous_8)","decl":{"start":{"line":84,"column":26},"end":{"line":84,"column":27}},"loc":{"start":{"line":84,"column":32},"end":{"line":84,"column":59}},"line":84},"9":{"name":"(anonymous_9)","decl":{"start":{"line":93,"column":25},"end":{"line":93,"column":26}},"loc":{"start":{"line":93,"column":31},"end":{"line":93,"column":45}},"line":93}},"branchMap":{"0":{"loc":{"start":{"line":35,"column":4},"end":{"line":38,"column":3}},"type":"if","locations":[{"start":{"line":35,"column":4},"end":{"line":38,"column":3}},{"start":{},"end":{}}],"line":35},"1":{"loc":{"start":{"line":35,"column":8},"end":{"line":35,"column":51}},"type":"binary-expr","locations":[{"start":{"line":35,"column":8},"end":{"line":35,"column":26}},{"start":{"line":35,"column":30},"end":{"line":35,"column":51}}],"line":35},"2":{"loc":{"start":{"line":45,"column":6},"end":{"line":50,"column":7}},"type":"if","locations":[{"start":{"line":45,"column":6},"end":{"line":50,"column":7}},{"start":{"line":48,"column":11},"end":{"line":50,"column":7}}],"line":45},"3":{"loc":{"start":{"line":68,"column":31},"end":{"line":68,"column":80}},"type":"cond-expr","locations":[{"start":{"line":68,"column":48},"end":{"line":68,"column":50}},{"start":{"line":68,"column":53},"end":{"line":68,"column":80}}],"line":68},"4":{"loc":{"start":{"line":80,"column":31},"end":{"line":80,"column":66}},"type":"cond-expr","locations":[{"start":{"line":80,"column":51},"end":{"line":80,"column":53}},{"start":{"line":80,"column":56},"end":{"line":80,"column":66}}],"line":80}},"s":{"0":1,"1":8,"2":8,"3":8,"4":8,"5":8,"6":8,"7":8,"8":0,"9":0,"10":0,"11":8,"12":0,"13":0,"14":0,"15":0,"16":0,"17":0,"18":0,"19":0,"20":0,"21":0,"22":8,"23":0,"24":0,"25":2,"26":2,"27":0,"28":0,"29":0},"f":{"0":8,"1":0,"2":0,"3":0,"4":0,"5":2,"6":2,"7":0,"8":0,"9":0},"b":{"0":[0,0],"1":[0,0],"2":[0,0],"3":[0,8],"4":[0,8]},"_coverageSchema":"1a1c01bbd47fc00a2c39e90264f33305004495a9","hash":"b7224496b9ab754b8fbabdebb910a31f040a6124"}
,"/Users/nathanaeltesfaye/Desktop/Reuse-Vandy/client/assets/images/adaptive-icon.png": {"path":"/Users/nathanaeltesfaye/Desktop/Reuse-Vandy/client/assets/images/adaptive-icon.png","statementMap":{"0":{"start":{"line":1,"column":0},"end":{"line":1,"column":19}}},"fnMap":{},"branchMap":{},"s":{"0":1},"f":{},"b":{},"_coverageSchema":"1a1c01bbd47fc00a2c39e90264f33305004495a9","hash":"4f778e52a9aa4fd3a5292ef356873f6706af0a1e"}
,"/Users/nathanaeltesfaye/Desktop/Reuse-Vandy/client/components/Card.tsx": {"path":"/Users/nathanaeltesfaye/Desktop/Reuse-Vandy/client/components/Card.tsx","statementMap":{"0":{"start":{"line":22,"column":34},"end":{"line":48,"column":1}},"1":{"start":{"line":31,"column":2},"end":{"line":47,"column":4}},"2":{"start":{"line":50,"column":15},"end":{"line":88,"column":2}}},"fnMap":{"0":{"name":"(anonymous_0)","decl":{"start":{"line":22,"column":34},"end":{"line":22,"column":35}},"loc":{"start":{"line":30,"column":6},"end":{"line":48,"column":1}},"line":30}},"branchMap":{},"s":{"0":1,"1":3,"2":1},"f":{"0":3},"b":{},"_coverageSchema":"1a1c01bbd47fc00a2c39e90264f33305004495a9","hash":"164ba21bd57e50ab59b05acccba863f34427fb5e"}
,"/Users/nathanaeltesfaye/Desktop/Reuse-Vandy/client/components/Collapsible.tsx": {"path":"/Users/nathanaeltesfaye/Desktop/Reuse-Vandy/client/components/Collapsible.tsx","statementMap":{"0":{"start":{"line":10,"column":30},"end":{"line":10,"column":45}},"1":{"start":{"line":11,"column":16},"end":{"line":11,"column":43}},"2":{"start":{"line":13,"column":2},"end":{"line":29,"column":4}},"3":{"start":{"line":17,"column":23},"end":{"line":17,"column":51}},"4":{"start":{"line":17,"column":44},"end":{"line":17,"column":50}},"5":{"start":{"line":32,"column":15},"end":{"line":42,"column":2}}},"fnMap":{"0":{"name":"Collapsible","decl":{"start":{"line":9,"column":16},"end":{"line":9,"column":27}},"loc":{"start":{"line":9,"column":88},"end":{"line":30,"column":1}},"line":9},"1":{"name":"(anonymous_1)","decl":{"start":{"line":17,"column":17},"end":{"line":17,"column":18}},"loc":{"start":{"line":17,"column":23},"end":{"line":17,"column":51}},"line":17},"2":{"name":"(anonymous_2)","decl":{"start":{"line":17,"column":33},"end":{"line":17,"column":34}},"loc":{"start":{"line":17,"column":44},"end":{"line":17,"column":50}},"line":17}},"branchMap":{"0":{"loc":{"start":{"line":11,"column":16},"end":{"line":11,"column":43}},"type":"binary-expr","locations":[{"start":{"line":11,"column":16},"end":{"line":11,"column":32}},{"start":{"line":11,"column":36},"end":{"line":11,"column":43}}],"line":11},"1":{"loc":{"start":{"line":21,"column":16},"end":{"line":21,"column":67}},"type":"cond-expr","locations":[{"start":{"line":21,"column":25},"end":{"line":21,"column":39}},{"start":{"line":21,"column":42},"end":{"line":21,"column":67}}],"line":21},"2":{"loc":{"start":{"line":23,"column":17},"end":{"line":23,"column":73}},"type":"cond-expr","locations":[{"start":{"line":23,"column":37},"end":{"line":23,"column":54}},{"start":{"line":23,"column":57},"end":{"line":23,"column":73}}],"line":23},"3":{"loc":{"start":{"line":27,"column":7},"end":{"line":27,"column":75}},"type":"binary-expr","locations":[{"start":{"line":27,"column":7},"end":{"line":27,"column":13}},{"start":{"line":27,"column":17},"end":{"line":27,"column":75}}],"line":27}},"s":{"0":5,"1":5,"2":5,"3":2,"4":2,"5":1},"f":{"0":5,"1":2,"2":2},"b":{"0":[5,0],"1":[1,4],"2":[5,0],"3":[5,1]},"_coverageSchema":"1a1c01bbd47fc00a2c39e90264f33305004495a9","hash":"065efe9e02dd817b6824eeb07643749208b265eb"}
,"/Users/nathanaeltesfaye/Desktop/Reuse-Vandy/client/components/ThemedText.tsx": {"path":"/Users/nathanaeltesfaye/Desktop/Reuse-Vandy/client/components/ThemedText.tsx","statementMap":{"0":{"start":{"line":18,"column":16},"end":{"line":18,"column":77}},"1":{"start":{"line":20,"column":2},"end":{"line":33,"column":4}},"2":{"start":{"line":36,"column":15},"end":{"line":60,"column":2}}},"fnMap":{"0":{"name":"ThemedText","decl":{"start":{"line":11,"column":16},"end":{"line":11,"column":26}},"loc":{"start":{"line":17,"column":20},"end":{"line":34,"column":1}},"line":17}},"branchMap":{"0":{"loc":{"start":{"line":15,"column":2},"end":{"line":15,"column":18}},"type":"default-arg","locations":[{"start":{"line":15,"column":9},"end":{"line":15,"column":18}}],"line":15},"1":{"loc":{"start":{"line":24,"column":8},"end":{"line":24,"column":55}},"type":"cond-expr","locations":[{"start":{"line":24,"column":29},"end":{"line":24,"column":43}},{"start":{"line":24,"column":46},"end":{"line":24,"column":55}}],"line":24},"2":{"loc":{"start":{"line":25,"column":8},"end":{"line":25,"column":51}},"type":"cond-expr","locations":[{"start":{"line":25,"column":27},"end":{"line":25,"column":39}},{"start":{"line":25,"column":42},"end":{"line":25,"column":51}}],"line":25},"3":{"loc":{"start":{"line":26,"column":8},"end":{"line":26,"column":71}},"type":"cond-expr","locations":[{"start":{"line":26,"column":37},"end":{"line":26,"column":59}},{"start":{"line":26,"column":62},"end":{"line":26,"column":71}}],"line":26},"4":{"loc":{"start":{"line":27,"column":8},"end":{"line":27,"column":57}},"type":"cond-expr","locations":[{"start":{"line":27,"column":30},"end":{"line":27,"column":45}},{"start":{"line":27,"column":48},"end":{"line":27,"column":57}}],"line":27},"5":{"loc":{"start":{"line":28,"column":8},"end":{"line":28,"column":49}},"type":"cond-expr","locations":[{"start":{"line":28,"column":26},"end":{"line":28,"column":37}},{"start":{"line":28,"column":40},"end":{"line":28,"column":49}}],"line":28}},"s":{"0":7,"1":7,"2":2},"f":{"0":7},"b":{"0":[2],"1":[2,5],"2":[0,7],"3":[5,2],"4":[0,7],"5":[0,7]},"_coverageSchema":"1a1c01bbd47fc00a2c39e90264f33305004495a9","hash":"3c4ea75ef2b48e0e3882e7449d7ee9432241f2e2"}
,"/Users/nathanaeltesfaye/Desktop/Reuse-Vandy/client/components/ThemedView.tsx": {"path":"/Users/nathanaeltesfaye/Desktop/Reuse-Vandy/client/components/ThemedView.tsx","statementMap":{"0":{"start":{"line":11,"column":26},"end":{"line":11,"column":93}},"1":{"start":{"line":13,"column":2},"end":{"line":13,"column":71}}},"fnMap":{"0":{"name":"ThemedView","decl":{"start":{"line":10,"column":16},"end":{"line":10,"column":26}},"loc":{"start":{"line":10,"column":93},"end":{"line":14,"column":1}},"line":10}},"branchMap":{},"s":{"0":6,"1":6},"f":{"0":6},"b":{},"_coverageSchema":"1a1c01bbd47fc00a2c39e90264f33305004495a9","hash":"f4bef8eb91e06a77a2698e69742708ba321a54eb"}
,"/Users/nathanaeltesfaye/Desktop/Reuse-Vandy/client/constants/Colors.ts": {"path":"/Users/nathanaeltesfaye/Desktop/Reuse-Vandy/client/constants/Colors.ts","statementMap":{"0":{"start":{"line":6,"column":23},"end":{"line":6,"column":32}},"1":{"start":{"line":7,"column":22},"end":{"line":7,"column":28}},"2":{"start":{"line":9,"column":22},"end":{"line":26,"column":1}}},"fnMap":{},"branchMap":{},"s":{"0":2,"1":2,"2":2},"f":{},"b":{},"_coverageSchema":"1a1c01bbd47fc00a2c39e90264f33305004495a9","hash":"fec2cb7b780016228cfdd59b8b7a88ab164b4e09"}
,"/Users/nathanaeltesfaye/Desktop/Reuse-Vandy/client/hooks/useThemeColor.ts": {"path":"/Users/nathanaeltesfaye/Desktop/Reuse-Vandy/client/hooks/useThemeColor.ts","statementMap":{"0":{"start":{"line":14,"column":16},"end":{"line":14,"column":43}},"1":{"start":{"line":15,"column":25},"end":{"line":15,"column":37}},"2":{"start":{"line":17,"column":2},"end":{"line":21,"column":3}},"3":{"start":{"line":18,"column":4},"end":{"line":18,"column":26}},"4":{"start":{"line":20,"column":4},"end":{"line":20,"column":36}}},"fnMap":{"0":{"name":"useThemeColor","decl":{"start":{"line":10,"column":16},"end":{"line":10,"column":29}},"loc":{"start":{"line":13,"column":2},"end":{"line":22,"column":1}},"line":13}},"branchMap":{"0":{"loc":{"start":{"line":14,"column":16},"end":{"line":14,"column":43}},"type":"binary-expr","locations":[{"start":{"line":14,"column":16},"end":{"line":14,"column":32}},{"start":{"line":14,"column":36},"end":{"line":14,"column":43}}],"line":14},"1":{"loc":{"start":{"line":17,"column":2},"end":{"line":21,"column":3}},"type":"if","locations":[{"start":{"line":17,"column":2},"end":{"line":21,"column":3}},{"start":{"line":19,"column":9},"end":{"line":21,"column":3}}],"line":17}},"s":{"0":13,"1":13,"2":13,"3":0,"4":13},"f":{"0":13},"b":{"0":[13,0],"1":[0,13]},"_coverageSchema":"1a1c01bbd47fc00a2c39e90264f33305004495a9","hash":"869e8bce765b10c33297217523c786d536db86cc"}
}
