{"C:\\Users\\mseok\\Documents\\Vanderbilt 2024-2025\\Semester 1\\SWE\\Reuse-Vandy\\client\\components\\Card.tsx": {"path":"C:\\Users\\mseok\\Documents\\Vanderbilt 2024-2025\\Semester 1\\SWE\\Reuse-Vandy\\client\\components\\Card.tsx","statementMap":{"0":{"start":{"line":30,"column":34},"end":{"line":132,"column":1}},"1":{"start":{"line":42,"column":24},"end":{"line":42,"column":44}},"2":{"start":{"line":44,"column":23},"end":{"line":60,"column":3}},"3":{"start":{"line":45,"column":4},"end":{"line":59,"column":5}},"4":{"start":{"line":46,"column":20},"end":{"line":46,"column":36}},"5":{"start":{"line":47,"column":6},"end":{"line":47,"column":40}},"6":{"start":{"line":50,"column":6},"end":{"line":52,"column":7}},"7":{"start":{"line":51,"column":8},"end":{"line":51,"column":26}},"8":{"start":{"line":54,"column":6},"end":{"line":54,"column":34}},"9":{"start":{"line":55,"column":6},"end":{"line":55,"column":29}},"10":{"start":{"line":57,"column":6},"end":{"line":57,"column":51}},"11":{"start":{"line":58,"column":6},"end":{"line":58,"column":62}},"12":{"start":{"line":63,"column":2},"end":{"line":69,"column":3}},"13":{"start":{"line":67,"column":4},"end":{"line":68,"column":73}},"14":{"start":{"line":71,"column":42},"end":{"line":71,"column":57}},"15":{"start":{"line":73,"column":2},"end":{"line":131,"column":4}},"16":{"start":{"line":78,"column":21},"end":{"line":78,"column":42}},"17":{"start":{"line":134,"column":15},"end":{"line":179,"column":2}}},"fnMap":{"0":{"name":"(anonymous_0)","decl":{"start":{"line":30,"column":34},"end":{"line":30,"column":35}},"loc":{"start":{"line":41,"column":6},"end":{"line":132,"column":1}},"line":41},"1":{"name":"(anonymous_1)","decl":{"start":{"line":44,"column":23},"end":{"line":44,"column":24}},"loc":{"start":{"line":44,"column":35},"end":{"line":60,"column":3}},"line":44},"2":{"name":"(anonymous_2)","decl":{"start":{"line":78,"column":15},"end":{"line":78,"column":16}},"loc":{"start":{"line":78,"column":21},"end":{"line":78,"column":42}},"line":78}},"branchMap":{"0":{"loc":{"start":{"line":50,"column":6},"end":{"line":52,"column":7}},"type":"if","locations":[{"start":{"line":50,"column":6},"end":{"line":52,"column":7}},{"start":{},"end":{}}],"line":50},"1":{"loc":{"start":{"line":63,"column":2},"end":{"line":69,"column":3}},"type":"if","locations":[{"start":{"line":63,"column":2},"end":{"line":69,"column":3}},{"start":{},"end":{}}],"line":63},"2":{"loc":{"start":{"line":64,"column":4},"end":{"line":65,"column":55}},"type":"binary-expr","locations":[{"start":{"line":64,"column":4},"end":{"line":64,"column":25}},{"start":{"line":65,"column":4},"end":{"line":65,"column":55}}],"line":64},"3":{"loc":{"start":{"line":100,"column":7},"end":{"line":115,"column":7}},"type":"cond-expr","locations":[{"start":{"line":101,"column":8},"end":{"line":107,"column":10}},{"start":{"line":109,"column":8},"end":{"line":114,"column":10}}],"line":100},"4":{"loc":{"start":{"line":117,"column":7},"end":{"line":125,"column":7}},"type":"binary-expr","locations":[{"start":{"line":117,"column":7},"end":{"line":117,"column":29}},{"start":{"line":118,"column":8},"end":{"line":124,"column":27}}],"line":117}},"s":{"0":1,"1":8,"2":8,"3":2,"4":2,"5":2,"6":1,"7":1,"8":1,"9":1,"10":1,"11":1,"12":8,"13":1,"14":8,"15":8,"16":2,"17":1},"f":{"0":8,"1":2,"2":2},"b":{"0":[1,0],"1":[1,7],"2":[8,7],"3":[3,5],"4":[8,5]},"_coverageSchema":"1a1c01bbd47fc00a2c39e90264f33305004495a9","hash":"cbba85a66d1a6f6ca2df6f036a31e0cc7886fbb6"}
,"C:\\Users\\mseok\\Documents\\Vanderbilt 2024-2025\\Semester 1\\SWE\\Reuse-Vandy\\client\\components\\DeletePopup.tsx": {"path":"C:\\Users\\mseok\\Documents\\Vanderbilt 2024-2025\\Semester 1\\SWE\\Reuse-Vandy\\client\\components\\DeletePopup.tsx","statementMap":{"0":{"start":{"line":25,"column":42},"end":{"line":76,"column":1}},"1":{"start":{"line":30,"column":23},"end":{"line":39,"column":3}},"2":{"start":{"line":31,"column":4},"end":{"line":38,"column":5}},"3":{"start":{"line":32,"column":20},"end":{"line":32,"column":36}},"4":{"start":{"line":33,"column":6},"end":{"line":33,"column":39}},"5":{"start":{"line":34,"column":6},"end":{"line":34,"column":29}},"6":{"start":{"line":35,"column":6},"end":{"line":35,"column":34}},"7":{"start":{"line":37,"column":6},"end":{"line":37,"column":27}},"8":{"start":{"line":41,"column":2},"end":{"line":75,"column":4}},"9":{"start":{"line":48,"column":8},"end":{"line":48,"column":46}},"10":{"start":{"line":49,"column":8},"end":{"line":49,"column":39}},"11":{"start":{"line":61,"column":29},"end":{"line":61,"column":43}},"12":{"start":{"line":68,"column":27},"end":{"line":68,"column":57}},"13":{"start":{"line":78,"column":15},"end":{"line":136,"column":2}}},"fnMap":{"0":{"name":"(anonymous_0)","decl":{"start":{"line":25,"column":42},"end":{"line":25,"column":43}},"loc":{"start":{"line":29,"column":6},"end":{"line":76,"column":1}},"line":29},"1":{"name":"(anonymous_1)","decl":{"start":{"line":30,"column":23},"end":{"line":30,"column":24}},"loc":{"start":{"line":30,"column":35},"end":{"line":39,"column":3}},"line":30},"2":{"name":"(anonymous_2)","decl":{"start":{"line":47,"column":22},"end":{"line":47,"column":23}},"loc":{"start":{"line":47,"column":28},"end":{"line":50,"column":7}},"line":47},"3":{"name":"(anonymous_3)","decl":{"start":{"line":61,"column":23},"end":{"line":61,"column":24}},"loc":{"start":{"line":61,"column":29},"end":{"line":61,"column":43}},"line":61},"4":{"name":"(anonymous_4)","decl":{"start":{"line":68,"column":21},"end":{"line":68,"column":22}},"loc":{"start":{"line":68,"column":27},"end":{"line":68,"column":57}},"line":68}},"branchMap":{},"s":{"0":1,"1":6,"2":2,"3":2,"4":2,"5":1,"6":1,"7":1,"8":6,"9":1,"10":1,"11":2,"12":1,"13":1},"f":{"0":6,"1":2,"2":1,"3":2,"4":1},"b":{},"_coverageSchema":"1a1c01bbd47fc00a2c39e90264f33305004495a9","hash":"de5e498d82e583ca60a89bf70f894a0340dcff27"}
,"C:\\Users\\mseok\\Documents\\Vanderbilt 2024-2025\\Semester 1\\SWE\\Reuse-Vandy\\client\\components\\SellerPopup.tsx": {"path":"C:\\Users\\mseok\\Documents\\Vanderbilt 2024-2025\\Semester 1\\SWE\\Reuse-Vandy\\client\\components\\SellerPopup.tsx","statementMap":{"0":{"start":{"line":15,"column":42},"end":{"line":80,"column":1}},"1":{"start":{"line":21,"column":34},"end":{"line":21,"column":65}},"2":{"start":{"line":23,"column":24},"end":{"line":32,"column":3}},"3":{"start":{"line":24,"column":4},"end":{"line":31,"column":5}},"4":{"start":{"line":25,"column":20},"end":{"line":25,"column":36}},"5":{"start":{"line":26,"column":23},"end":{"line":26,"column":56}},"6":{"start":{"line":27,"column":6},"end":{"line":27,"column":28}},"7":{"start":{"line":29,"column":6},"end":{"line":29,"column":56}},"8":{"start":{"line":30,"column":6},"end":{"line":30,"column":24}},"9":{"start":{"line":34,"column":2},"end":{"line":36,"column":21}},"10":{"start":{"line":35,"column":4},"end":{"line":35,"column":38}},"11":{"start":{"line":35,"column":22},"end":{"line":35,"column":38}},"12":{"start":{"line":38,"column":2},"end":{"line":79,"column":4}},"13":{"start":{"line":45,"column":8},"end":{"line":45,"column":46}},"14":{"start":{"line":46,"column":8},"end":{"line":46,"column":39}},"15":{"start":{"line":72,"column":27},"end":{"line":72,"column":57}},"16":{"start":{"line":82,"column":15},"end":{"line":145,"column":2}}},"fnMap":{"0":{"name":"(anonymous_0)","decl":{"start":{"line":15,"column":42},"end":{"line":15,"column":43}},"loc":{"start":{"line":20,"column":6},"end":{"line":80,"column":1}},"line":20},"1":{"name":"(anonymous_1)","decl":{"start":{"line":23,"column":24},"end":{"line":23,"column":25}},"loc":{"start":{"line":23,"column":36},"end":{"line":32,"column":3}},"line":23},"2":{"name":"(anonymous_2)","decl":{"start":{"line":34,"column":12},"end":{"line":34,"column":13}},"loc":{"start":{"line":34,"column":18},"end":{"line":36,"column":3}},"line":34},"3":{"name":"(anonymous_3)","decl":{"start":{"line":44,"column":22},"end":{"line":44,"column":23}},"loc":{"start":{"line":44,"column":28},"end":{"line":47,"column":7}},"line":44},"4":{"name":"(anonymous_4)","decl":{"start":{"line":72,"column":21},"end":{"line":72,"column":22}},"loc":{"start":{"line":72,"column":27},"end":{"line":72,"column":57}},"line":72}},"branchMap":{"0":{"loc":{"start":{"line":35,"column":4},"end":{"line":35,"column":38}},"type":"if","locations":[{"start":{"line":35,"column":4},"end":{"line":35,"column":38}},{"start":{},"end":{}}],"line":35},"1":{"loc":{"start":{"line":52,"column":11},"end":{"line":67,"column":11}},"type":"cond-expr","locations":[{"start":{"line":53,"column":12},"end":{"line":64,"column":15}},{"start":{"line":66,"column":12},"end":{"line":66,"column":55}}],"line":52}},"s":{"0":1,"1":10,"2":10,"3":5,"4":5,"5":5,"6":4,"7":1,"8":1,"9":10,"10":6,"11":5,"12":10,"13":1,"14":1,"15":1,"16":1},"f":{"0":10,"1":5,"2":6,"3":1,"4":1},"b":{"0":[5,1],"1":[4,6]},"_coverageSchema":"1a1c01bbd47fc00a2c39e90264f33305004495a9","hash":"1db9943b750fa0a3f3e270b2b2e625505d7abc2f"}
}
