TN:
SF:app/(auth)/auth_style.tsx
FNF:0
FNH:0
DA:3,1
LF:1
LH:1
BRF:0
BRH:0
end_of_record
TN:
SF:app/(auth)/login.tsx
FN:20,(anonymous_0)
FN:28,(anonymous_1)
FN:34,(anonymous_2)
FN:70,(anonymous_3)
FN:71,(anonymous_4)
FN:72,(anonymous_5)
FN:82,(anonymous_6)
FN:83,(anonymous_7)
FN:84,(anonymous_8)
FN:93,(anonymous_9)
FNF:10
FNH:3
FNDA:8,(anonymous_0)
FNDA:0,(anonymous_1)
FNDA:0,(anonymous_2)
FNDA:0,(anonymous_3)
FNDA:0,(anonymous_4)
FNDA:2,(anonymous_5)
FNDA:2,(anonymous_6)
FNDA:0,(anonymous_7)
FNDA:0,(anonymous_8)
FNDA:0,(anonymous_9)
DA:20,1
DA:21,8
DA:22,8
DA:23,8
DA:24,8
DA:25,8
DA:26,8
DA:28,8
DA:29,0
DA:30,0
DA:31,0
DA:34,8
DA:35,0
DA:36,0
DA:37,0
DA:39,0
DA:40,0
DA:41,0
DA:43,0
DA:45,0
DA:46,0
DA:49,0
DA:54,8
DA:70,0
DA:71,0
DA:72,2
DA:82,2
DA:83,0
DA:84,0
DA:93,0
LF:30
LH:12
BRDA:35,0,0,0
BRDA:35,0,1,0
BRDA:35,1,0,0
BRDA:35,1,1,0
BRDA:45,2,0,0
BRDA:45,2,1,0
BRDA:68,3,0,0
BRDA:68,3,1,8
BRDA:80,4,0,0
BRDA:80,4,1,8
BRF:10
BRH:2
end_of_record
TN:
SF:assets/images/adaptive-icon.png
FNF:0
FNH:0
DA:1,1
LF:1
LH:1
BRF:0
BRH:0
end_of_record
TN:
SF:components/Card.tsx
FN:22,(anonymous_0)
FNF:1
FNH:1
FNDA:3,(anonymous_0)
DA:22,1
DA:31,3
DA:50,1
LF:3
LH:3
BRF:0
BRH:0
end_of_record
TN:
SF:components/Collapsible.tsx
FN:9,Collapsible
FN:17,(anonymous_1)
FN:17,(anonymous_2)
FNF:3
FNH:3
FNDA:5,Collapsible
FNDA:2,(anonymous_1)
FNDA:2,(anonymous_2)
DA:10,5
DA:11,5
DA:13,5
DA:17,2
DA:32,1
LF:5
LH:5
BRDA:11,0,0,5
BRDA:11,0,1,0
BRDA:21,1,0,1
BRDA:21,1,1,4
BRDA:23,2,0,5
BRDA:23,2,1,0
BRDA:27,3,0,5
BRDA:27,3,1,1
BRF:8
BRH:6
end_of_record
TN:
SF:components/ThemedText.tsx
FN:11,ThemedText
FNF:1
FNH:1
FNDA:7,ThemedText
DA:18,7
DA:20,7
DA:36,2
LF:3
LH:3
BRDA:15,0,0,2
BRDA:24,1,0,2
BRDA:24,1,1,5
BRDA:25,2,0,0
BRDA:25,2,1,7
BRDA:26,3,0,5
BRDA:26,3,1,2
BRDA:27,4,0,0
BRDA:27,4,1,7
BRDA:28,5,0,0
BRDA:28,5,1,7
BRF:11
BRH:8
end_of_record
TN:
SF:components/ThemedView.tsx
FN:10,ThemedView
FNF:1
FNH:1
FNDA:6,ThemedView
DA:11,6
DA:13,6
LF:2
LH:2
BRF:0
BRH:0
end_of_record
TN:
SF:constants/Colors.ts
FNF:0
FNH:0
DA:6,2
DA:7,2
DA:9,2
LF:3
LH:3
BRF:0
BRH:0
end_of_record
TN:
SF:hooks/useThemeColor.ts
FN:10,useThemeColor
FNF:1
FNH:1
FNDA:13,useThemeColor
DA:14,13
DA:15,13
DA:17,13
DA:18,0
DA:20,13
LF:5
LH:4
BRDA:14,0,0,13
BRDA:14,0,1,0
BRDA:17,1,0,0
BRDA:17,1,1,13
BRF:4
BRH:2
end_of_record
