TN:
SF:components\Card.tsx
FN:30,(anonymous_0)
FN:44,(anonymous_1)
FN:78,(anonymous_2)
FNF:3
FNH:3
FNDA:8,(anonymous_0)
FNDA:2,(anonymous_1)
FNDA:2,(anonymous_2)
DA:30,1
DA:42,8
DA:44,8
DA:45,2
DA:46,2
DA:47,2
DA:50,1
DA:51,1
DA:54,1
DA:55,1
DA:57,1
DA:58,1
DA:63,8
DA:67,1
DA:71,8
DA:73,8
DA:78,2
DA:134,1
LF:18
LH:18
BRDA:50,0,0,1
BRDA:50,0,1,0
BRDA:63,1,0,1
BRDA:63,1,1,7
BRDA:64,2,0,8
BRDA:64,2,1,7
BRDA:100,3,0,3
BRDA:100,3,1,5
BRDA:117,4,0,8
BRDA:117,4,1,5
BRF:10
BRH:9
end_of_record
TN:
SF:components\DeletePopup.tsx
FN:25,(anonymous_0)
FN:30,(anonymous_1)
FN:47,(anonymous_2)
FN:61,(anonymous_3)
FN:68,(anonymous_4)
FNF:5
FNH:5
FNDA:6,(anonymous_0)
FNDA:2,(anonymous_1)
FNDA:1,(anonymous_2)
FNDA:2,(anonymous_3)
FNDA:1,(anonymous_4)
DA:25,1
DA:30,6
DA:31,2
DA:32,2
DA:33,2
DA:34,1
DA:35,1
DA:37,1
DA:41,6
DA:48,1
DA:49,1
DA:61,2
DA:68,1
DA:78,1
LF:14
LH:14
BRF:0
BRH:0
end_of_record
TN:
SF:components\SellerPopup.tsx
FN:15,(anonymous_0)
FN:23,(anonymous_1)
FN:34,(anonymous_2)
FN:44,(anonymous_3)
FN:72,(anonymous_4)
FNF:5
FNH:5
FNDA:12,(anonymous_0)
FNDA:6,(anonymous_1)
FNDA:7,(anonymous_2)
FNDA:1,(anonymous_3)
FNDA:1,(anonymous_4)
DA:15,1
DA:21,12
DA:23,12
DA:24,6
DA:25,6
DA:26,6
DA:27,5
DA:29,1
DA:30,1
DA:34,12
DA:35,7
DA:38,12
DA:45,1
DA:46,1
DA:72,1
DA:82,1
LF:16
LH:16
BRDA:35,0,0,6
BRDA:35,0,1,1
BRDA:52,1,0,5
BRDA:52,1,1,7
BRF:4
BRH:4
end_of_record
